<?xml version="1.0" encoding="UTF-8"?>
<!-- Generated by org.testng.reporters.JUnitXMLReporter -->
<testsuite ignored="2" hostname="DESKTOP-AT83ANU" failures="0" tests="2" name="TestTest" time="0.105" errors="0" timestamp="2025-01-31T19:17:36 IST">
  <testcase classname="Com_Test_2.Terst_Com_a8" name="m2" time="0.018"/>
  <testcase classname="Com_Test_2.Terst_Com_a8" name="m4" time="0.002"/>
  <testcase classname="Com_Test_2.Terst_Com_a8" name="m1" time="0.0">
    <ignored/>
  </testcase> <!-- m1 -->
  <testcase classname="Com_Test_2.Terst_Com_a8" name="m3" time="0.0">
    <ignored/>
  </testcase> <!-- m3 -->
</testsuite> <!-- TestTest -->
