<?xml version="1.0" encoding="UTF-8"?>
<!-- Generated by org.testng.reporters.JUnitXMLReporter -->
<testsuite ignored="0" hostname="DESKTOP-AT83ANU" failures="0" tests="3" name="TestEdge" time="136.653" errors="0" timestamp="2025-02-04T23:03:01 IST">
  <testcase classname="Com_Test_2.Test_Com_a11" name="SetUp" time="117.889"/>
  <testcase classname="Com_Test_2.Test_Com_a11" name="TearDown" time="0.005"/>
  <testcase classname="Com_Test_2.Test_Com_a12" name="xyz" time="18.734"/>
</testsuite> <!-- TestEdge -->
