<?xml version="1.0" encoding="UTF-8"?>
<!-- Generated by org.testng.reporters.JUnitXMLReporter -->
<testsuite ignored="0" hostname="DESKTOP-AT83ANU" failures="0" tests="3" name="TestChrome" time="20.713" errors="0" timestamp="2025-02-04T23:00:45 IST">
  <testcase classname="Com_Test_2.Test_Com_a11" name="SetUp" time="19.213"/>
  <testcase classname="Com_Test_2.Test_Com_a11" name="TearDown" time="0.016"/>
  <testcase classname="Com_Test_2.Test_Com_a12" name="xyz" time="1.314"/>
</testsuite> <!-- TestChrome -->
