<?xml version="1.0" encoding="UTF-8"?>
<testng-results ignored="0" total="6" passed="6" failed="0" skipped="0">
  <reporter-output>
  </reporter-output>
  <suite started-at="2025-02-04T23:00:24 IST" name="Suite" finished-at="2025-02-04T23:03:01 IST" duration-ms="157592">
    <groups>
    </groups>
    <test started-at="2025-02-04T23:00:24 IST" name="TestChrome" finished-at="2025-02-04T23:00:45 IST" duration-ms="20713">
      <class name="Com_Test_2.Test_Com_a12">
        <test-method signature="SetUp(java.lang.String)[pri:0, instance:Com_Test_2.Test_Com_a12@3023df74]" started-at="2025-02-04T23:00:24 IST" name="SetUp" finished-at="2025-02-04T23:00:43 IST" duration-ms="19213" status="PASS">
          <params>
            <param index="0">
              <value>
                <![CDATA[Chrome]]>
              </value>
            </param>
          </params>
          <reporter-output>
          </reporter-output>
        </test-method> <!-- SetUp -->
        <test-method signature="TearDown()[pri:0, instance:Com_Test_2.Test_Com_a12@3023df74]" started-at="2025-02-04T23:00:43 IST" name="TearDown" finished-at="2025-02-04T23:00:43 IST" duration-ms="16" status="PASS">
          <reporter-output>
          </reporter-output>
        </test-method> <!-- TearDown -->
        <test-method signature="xyz()[pri:0, instance:Com_Test_2.Test_Com_a12@3023df74]" started-at="2025-02-04T23:00:43 IST" name="xyz" finished-at="2025-02-04T23:00:45 IST" duration-ms="1314" status="PASS">
          <reporter-output>
          </reporter-output>
        </test-method> <!-- xyz -->
      </class> <!-- Com_Test_2.Test_Com_a12 -->
    </test> <!-- TestChrome -->
    <test started-at="2025-02-04T23:00:45 IST" name="TestEdge" finished-at="2025-02-04T23:03:01 IST" duration-ms="136653">
      <class name="Com_Test_2.Test_Com_a12">
        <test-method signature="SetUp(java.lang.String)[pri:0, instance:Com_Test_2.Test_Com_a12@44c03695]" started-at="2025-02-04T23:00:45 IST" name="SetUp" finished-at="2025-02-04T23:02:43 IST" duration-ms="117889" status="PASS">
          <params>
            <param index="0">
              <value>
                <![CDATA[Edge]]>
              </value>
            </param>
          </params>
          <reporter-output>
          </reporter-output>
        </test-method> <!-- SetUp -->
        <test-method signature="TearDown()[pri:0, instance:Com_Test_2.Test_Com_a12@44c03695]" started-at="2025-02-04T23:02:43 IST" name="TearDown" finished-at="2025-02-04T23:02:43 IST" duration-ms="5" status="PASS">
          <reporter-output>
          </reporter-output>
        </test-method> <!-- TearDown -->
        <test-method signature="xyz()[pri:0, instance:Com_Test_2.Test_Com_a12@44c03695]" started-at="2025-02-04T23:02:43 IST" name="xyz" finished-at="2025-02-04T23:03:01 IST" duration-ms="18734" status="PASS">
          <reporter-output>
          </reporter-output>
        </test-method> <!-- xyz -->
      </class> <!-- Com_Test_2.Test_Com_a12 -->
    </test> <!-- TestEdge -->
  </suite> <!-- Suite -->
</testng-results>
