<?xml version="1.0" encoding="UTF-8"?>
<!-- Generated by org.testng.reporters.JUnitXMLReporter -->
<testsuite ignored="0" hostname="DESKTOP-AT83ANU" failures="0" tests="8" name="DemoTest" time="41.181" errors="0" timestamp="2025-01-31T19:13:48 IST">
  <testcase classname="Com_Test_2.Test_Com_a3" name="abc" time="0.02"/>
  <testcase classname="Com_Test_2.Test_Com_a3" name="xyz" time="0.012"/>
  <testcase classname="Com_Test_2.Test_Com_a1" name="Verifyabc" time="0.004"/>
  <testcase classname="Com_Test_2.Test_Com_a1" name="Verifywer" time="0.008"/>
  <testcase classname="Com_Test_2.Test_Com_a1" name="Verifyxyz" time="0.01"/>
  <testcase classname="Com_Test_2.Test_Com_a4" name="verifyElelemnt" time="0.49"/>
  <testcase classname="Com_Test_2.Test_Com_a5" name="XYZ" time="0.637"/>
  <testcase classname="Com_Test_2.Test_Com_a6" name="Submit" time="2.127"/>
</testsuite> <!-- DemoTest -->
